


222
-552
544
-232
-1010
90
-690
414
-368
1522
740
-1938
-44
-830
1068
-1618
282
2184
-2408
-506
1398
-1296
610
-2088
-180
1730
-972
940
-1766
148
-646
478
2400
-2240
-318
1606
-1116
810
-1916
12
1942
-788
1144
344
-458
1480
-1262
678
2620
-126
-932
1014
208
2158
-600
1352
-1410
544
-266
1692
-1078
882
70
-744
1222
-1560
408
2378
-408
1564
-1226
748
-70
1908
-890
1090
-1712
270
-552
1434
-1376
612
2602
-212
1780
-1038
956
-1866
130
2128
-2696
-698
1302
-1528
474
-2360
-356
1650
-1188
820
-2022
-12
-846
1168
-1682
334
2352
-2520
-502
1518
682
-2180
-156
1870
-996
1032
-1838
192
-650
1384
-1494
542
-302
1738
-1148
894
48
-800
1248
-1650
400
2452
-450
1604
-1302
754
-98
1962
-952
1110
-1808
256
-600
1468
-1458
612
2684
-2318
-246
1828
-1106
970
-1968
110
2190
-2832
-752
1330
-1616
468
-2482
-396
1692
-1262
828
-2130
-38
2056
-906
1190
322
-548
1554
-1420
684
-188
-1062
1048
174
2288
-702
1414
-1580
538
-340
1782
-1220
904
-2102
24
-2986
-858
1272
-1742
390
2524
-2628
-494
1642
-1380
758
-2268
-128
2014
-1016
1128
-1906
240
2388
-650
1500
-1542
610
-282
1874
-1176
982
88
-808
1356
-1706
460
2628
-438
1732
-1338
834
-2240
-66
2110
-968
1210
-1872
308
-2778
-596
1588
-1502
684
-2410
-222
1968
-1130
1062
154
-756
1442
-1668
532
2734
-380
1824
-1294
912
-2
2208
-918
1294
-1836
378
2594
-2756
-540
1678
-1460
760
-2382
-160
2064
-1082
1144
-2006
222
-702
1530
-1628
606
-320
1918
-1248
992
64
-866
1380
-1798
450
2700
-482
1770
-1416
838
-2352
-96
2162
-1032
1228
-1970
292
-646
1620
-1586
682
-258
2014
-1200
1074
132
-812
1468
-1758
524
-422
1864
-1370
918
-2320
-30
-980
1314
-1932
364
2662
-588
1712
-1542
760
-194
2112
-1150
1158
202
2514
-756
1558
-1716
600
-2678
-360
1960
-1322
1000
-2286
38
2364
-926
1402
-1892
438
-528
1806
-1496
840
3178
-128
-1098
1244
-2070
274
2620
-698
1650
-1672
678
3030
-2648
-296
-1272
1084
-2250
108
2468
-870
1492
514
-466
-1448
922
-60
2314
-1044
1332
-2030
348
-3018
-638
1744
-1626
758
-2616
-230
2158
-1220
1170
180
-812
1584
-1806
592
-402
2000
-1398
1006
3412
-2396
10
-988
1422
-1988
424
2838
-576
1840
-1578
840
-162
-1166
1258
-2172
254
2682
-752
1678
-1760
672
-2770
-336
-1346
1092
-2358
82
2524
-930
1514
-1944
502
-512
1938
-1528
924
-2546
-92
2364
-1110
1348
-2130
330
-690
1774
-1712
754
-268
2202
-1292
1180
-2318
156
-870
1608
-1898
582
-2928
-446
2038
-1476
1010


