




[13, 17, 23, 79]
[2, 3, 109, 307]
[5, 7, 11, 149]
[2, 41, 59, 83]
409356 409355 409354 409353
[2, 3, 83, 137]
[5, 19, 31, 139]
[2, 11, 23, 809]
[3, 7, 101, 193]
417198 417197 417196 417195
[2, 3, 31, 2243]
[11, 17, 23, 97]
[2, 13, 71, 113]
[3, 5, 73, 127]
422097 422096 422095 422094
[3, 13, 79, 137]
[2, 23, 31, 37]
[5, 29, 41, 71]
[2, 3, 103, 683]
438957 438956 438955 438954
[3, 17, 19, 151]
[2, 7, 61, 257]
[5, 11, 23, 347]
[2, 3, 149, 491]
446370 446369 446368 446367
[2, 3, 5, 14879]
[7, 11, 17, 31]
[2, 13, 29, 37]
[3, 19, 41, 191]
452355 452354 452353 452352
[3, 5, 53, 569]
[2, 7, 79, 409]
[11, 17, 41, 59]
[2, 3, 19, 31]
462057 462056 462055 462054
[3, 29, 47, 113]
[2, 7, 37, 223]
[5, 11, 31, 271]
[2, 3, 53, 1453]
468756 468755 468754 468753
[2, 3, 29, 449]
[5, 7, 59, 227]
[2, 11, 13, 149]
[3, 37, 41, 103]
478857 478856 478855 478854
[3, 19, 31, 271]
[2, 7, 17, 503]
[5, 13, 53, 139]
[2, 3, 37, 719]
478908 478907 478906 478905
[2, 3, 53, 251]
[11, 13, 17, 197]
[2, 23, 29, 359]
[3, 5, 7, 4561]
480966 480965 480964 480963
[2, 3, 19, 4219]
[5, 29, 31, 107]
[2, 11, 17, 643]
[3, 7, 37, 619]
483837 483836 483835 483834
[3, 17, 53, 179]
[2, 29, 43, 97]
[5, 11, 19, 463]
[2, 3, 13, 6203]
485277 485276 485275 485274
[3, 13, 23, 541]
[2, 11, 41, 269]
[5, 7, 47, 59]
[2, 3, 31, 2609]
486762 486761 486760 486759
[2, 3, 31, 2617]
[11, 17, 19, 137]
[2, 5, 43, 283]
[3, 7, 13, 1783]
494286 494285 494284 494283
[2, 3, 13, 6337]
[5, 11, 19, 43]
[2, 7, 127, 139]
[3, 37, 61, 73]
495652 495651 495650 495649
[2, 17, 37, 197]
[3, 13, 71, 179]
[2, 5, 23, 431]
[7, 11, 41, 157]
508992 508991 508990 508989
[2, 3, 11, 241]
[7, 19, 43, 89]
[2, 5, 23, 2213]
[3, 13, 31, 421]
523482 523481 523480 523479
[2, 3, 43, 2029]
[7, 17, 53, 83]
[2, 5, 23, 569]
[3, 11, 29, 547]
526032 526031 526030 526029
[2, 3, 13, 281]
[11, 17, 29, 97]
[2, 5, 41, 1283]
[3, 7, 37, 677]
528411 528410 528409 528408
[3, 13, 17, 797]
[2, 5, 53, 997]
[7, 19, 29, 137]
[2, 3, 41, 179]
538748 538747 538746 538745
[2, 7, 71, 271]
[11, 17, 43, 67]
[2, 3, 13, 6907]
[5, 19, 53, 107]
542718 542717 542716 542715
[2, 3, 11, 2741]
[7, 31, 41, 61]
[2, 19, 37, 193]
[3, 5, 97, 373]
551058 551057 551056 551055
[2, 3, 29, 3167]
[13, 19, 23, 97]
[2, 11, 31, 101]
[3, 5, 17, 2161]
559692 559691 559690 559689
[2, 3, 7, 2221]
[11, 17, 41, 73]
[2, 5, 97, 577]
[3, 13, 113, 127]
569067 569066 569065 569064
[3, 29, 31, 211]
[2, 23, 89, 139]
[5, 7, 71, 229]
[2, 3, 131, 181]
571236 571235 571234 571233
[2, 3, 181, 263]
[5, 7, 19, 859]
[2, 17, 53, 317]
[3, 13, 97, 151]
585600 585599 585598 585597
[2, 3, 5, 61]
[7, 17, 19, 37]
[2, 13, 101, 223]
[3, 29, 53, 127]
586341 586340 586339 586338
[3, 7, 41, 227]
[2, 5, 19, 1543]
[13, 23, 37, 53]
[2, 3, 79, 1237]
588732 588731 588730 588729
[2, 3, 71, 691]
[11, 13, 23, 179]
[2, 5, 113, 521]
[3, 29, 67, 101]
593187 593186 593185 593184
[3, 7, 47, 601]
[2, 11, 59, 457]
[5, 31, 43, 89]
[2, 3, 37, 167]
594036 594035 594034 594033
[2, 3, 29, 569]
[5, 13, 19, 37]
[2, 7, 151, 281]
[3, 11, 47, 383]
595443 595442 595441 595440
[3, 41, 47, 103]
[2, 17, 83, 211]
[7, 11, 19, 37]
[2, 3, 5, 827]
597495 597494 597493 597492
[3, 5, 61, 653]
[2, 23, 31, 419]
[13, 19, 41, 59]
[2, 3, 7, 2371]
597885 597884 597883 597882
[3, 5, 23, 1733]
[2, 7, 131, 163]
[11, 13, 37, 113]
[2, 3, 251, 397]
607805 607804 607803 607802
[5, 11, 43, 257]
[2, 47, 53, 61]
[3, 7, 103, 281]
[2, 13, 97, 241]
609637 609636 609635 609634
[7, 17, 47, 109]
[2, 3, 101, 503]
[5, 13, 83, 113]
[2, 19, 61, 263]
619761 619760 619759 619758
[3, 19, 83, 131]
[2, 5, 61, 127]
[7, 29, 43, 71]
[2, 3, 23, 499]
625738 625737 625736 625735
[2, 23, 61, 223]
[3, 7, 83, 359]
[2, 17, 43, 107]
[5, 11, 31, 367]
626706 626705 626704 626703
[2, 3, 37, 941]
[5, 17, 73, 101]
[2, 13, 23, 131]
[3, 7, 11, 2713]
629736 629735 629734 629733
[2, 3, 19, 1381]
[5, 29, 43, 101]
[2, 7, 31, 1451]
[3, 13, 67, 241]
637275 637274 637273 637272
[3, 5, 29, 293]
[2, 11, 83, 349]
[7, 13, 47, 149]
[2, 3, 53, 167]
639067 639066 639065 639064
[11, 13, 41, 109]
[2, 3, 43, 2477]
[5, 7, 19, 31]
[2, 17, 37, 127]
642552 642551 642550 642549
[2, 3, 41, 653]
[7, 13, 23, 307]
[2, 5, 71, 181]
[3, 17, 43, 293]
649860 649859 649858 649857
[2, 3, 5, 10831]
[7, 17, 43, 127]
[2, 11, 109, 271]
[3, 13, 19, 877]
650505 650504 650503 650502
[3, 5, 17, 2551]
[2, 31, 43, 61]
[7, 19, 67, 73]
[2, 3, 71, 509]
664566 664565 664564 664563
[2, 3, 7, 15823]
[5, 11, 43, 281]
[2, 17, 29, 337]
[3, 19, 89, 131]
668916 668915 668914 668913
[2, 3, 17, 1093]
[5, 13, 41, 251]
[2, 19, 29, 607]
[3, 7, 53, 601]
670035 670034 670033 670032
[3, 5, 19, 2351]
[2, 31, 101, 107]
[7, 13, 37, 199]
[2, 3, 11, 47]
685168 685167 685166 685165
[2, 11, 17, 229]
[3, 7, 59, 79]
[2, 37, 47, 197]
[5, 13, 83, 127]
698118 698117 698116 698115
[2, 3, 307, 379]
[7, 19, 29, 181]
[2, 37, 53, 89]
[3, 5, 11, 4231]
705111 705110 705109 705108
[3, 11, 23, 929]
[2, 5, 7, 1439]
[17, 19, 37, 59]
[2, 3, 67, 877]
715295 715294 715293 715292
[5, 7, 107, 191]
[2, 31, 83, 139]
[3, 19, 47, 89]
[2, 17, 67, 157]
715821 715820 715819 715818
[3, 31, 43, 179]
[2, 5, 7, 5113]
[13, 17, 41, 79]
[2, 3, 53, 2251]
718797 718796 718795 718794
[3, 31, 59, 131]
[2, 13, 23, 601]
[5, 7, 11, 1867]
[2, 3, 17, 29]
726090 726089 726088 726087
[2, 3, 5, 24203]
[7, 13, 79, 101]
[2, 11, 37, 223]
[3, 17, 23, 619]
729927 729926 729925 729924
[3, 11, 73, 101]
[2, 31, 61, 193]
[5, 7, 43, 97]
[2, 3, 13, 4679]
732251 732250 732249 732248
[13, 23, 31, 79]
[2, 5, 29, 101]
[3, 7, 59, 197]
[2, 11, 53, 157]

736485 736484 736483 736482
[3, 5, 37, 1327]
[2, 7, 29, 907]
[11, 23, 41, 71]
[2, 3, 131, 937]
737151 737150 737149 737148
[3, 29, 37, 229]
[2, 5, 23, 641]
[7, 31, 43, 79]
[2, 3, 47, 1307]
739566 739565 739564 739563
[2, 3, 181, 227]
[5, 23, 59, 109]
[2, 7, 61, 433]
[3, 11, 73, 307]
740487 740486 740485 740484
[3, 11, 19, 1181]
[2, 17, 29, 751]
[5, 23, 47, 137]
[2, 3, 67, 307]

742731 742730 742729 742728
[3, 11, 71, 317]
[2, 5, 17, 257]
[13, 19, 31, 97]
[2, 3, 7, 4421]
744108 744107 744106 744105
[2, 3, 59, 1051]
[7, 13, 17, 37]
[2, 11, 149, 227]
[3, 5, 113, 439]
744822 744821 744820 744819
[2, 3, 13, 1061]
[7, 11, 17, 569]
[2, 5, 167, 223]
[3, 19, 73, 179]
745997 745996 745995 745994
[7, 19, 71, 79]
[2, 29, 59, 109]
[3, 5, 41, 1213]
[2, 17, 37, 593]
746606 746605 746604 746603
[2, 7, 17, 3137]
[5, 19, 29, 271]
[2, 3, 31, 223]
[11, 13, 23, 227]
747594 747593 747592 747591
[2, 3, 41, 1013]
[7, 11, 19, 73]
[2, 17, 23, 239]
[3, 13, 29, 661]
749157 749156 749155 749154
[3, 29, 79, 109]
[2, 17, 23, 479]
[5, 11, 53, 257]
[2, 3, 7, 17837]
753951 753950 753949 753948
[3, 11, 31, 67]
[2, 5, 17, 887]
[7, 37, 41, 71]
[2, 3, 13, 179]
755016 755015 755014 755013
[2, 3, 163, 193]
[5, 29, 41, 127]
[2, 13, 71, 409]
[3, 7, 157, 229]
766647 766646 766645 766644
[3, 7, 43, 283]
[2, 59, 73, 89]
[5, 11, 53, 263]
[2, 3, 29, 2203]
768342 768341 768340 768339
[2, 3, 37, 3461]
[7, 19, 53, 109]
[2, 5, 41, 937]
[3, 11, 13, 199]
769881 769880 769879 769878
[3, 7, 61, 601]
[2, 5, 19, 1013]
[11, 17, 23, 179]
[2, 3, 53, 269]
771156 771155 771154 771153
[2, 3, 31, 691]
[5, 7, 11, 2003]
[2, 17, 37, 613]
[3, 19, 83, 163]
772565 772564 772563 772562
[5, 17, 61, 149]
[2, 13, 83, 179]
[3, 11, 41, 571]
[2, 7, 139, 397]
773055 773054 773053 773052
[3, 5, 41, 419]
[2, 43, 89, 101]
[19, 23, 29, 61]
[2, 3, 7, 9203]
774215 774214 774213 774212
[5, 13, 43, 277]
[2, 7, 17, 3253]
[3, 11, 29, 809]
[2, 19, 61, 167]
782223 782222 782221 782220
[3, 13, 31, 647]
[2, 7, 59, 947]
[11, 17, 47, 89]
[2, 3, 5, 13037]
783771 783770 783769 783768
[3, 23, 37, 307]
[2, 5, 13, 6029]
[7, 19, 71, 83]
[2, 3, 17, 113]
787437 787436 787435 787434
[3, 7, 29, 431]
[2, 13, 19, 797]
[5, 11, 103, 139]
[2, 3, 37, 3547]
789396 789395 789394 789393
[2, 3, 157, 419]
[5, 17, 37, 251]
[2, 43, 67, 137]
[3, 11, 19, 1259]
800607 800606 800605 800604
[3, 23, 41, 283]
[2, 31, 37, 349]
[5, 13, 109, 113]
[2, 3, 7, 353]
802125 802124 802123 802122
[3, 5, 23, 31]
[2, 41, 67, 73]
[7, 19, 37, 163]
[2, 3, 43, 3109]
803607 803606 803605 803604
[3, 7, 17, 2251]
[2, 47, 83, 103]
[5, 11, 19, 769]
[2, 3, 167, 401]
806038 806037 806036 806035
[2, 17, 151, 157]
[3, 19, 79, 179]
[2, 7, 11, 2617]
[5, 23, 43, 163]
813906 813905 813904 813903
[2, 3, 103, 439]
[5, 31, 59, 89]
[2, 7, 13, 43]
[3, 19, 109, 131]
815145 815144 815143 815142
[3, 5, 31, 1753]
[2, 11, 59, 157]
[7, 23, 61, 83]
[2, 3, 103, 1319]
816147 816146 816145 816144
[3, 29, 53, 59]
[2, 37, 41, 269]
[5, 11, 19, 71]
[2, 3, 7, 347]
822615 822614 822613 822612
[3, 5, 173, 317]
[2, 13, 29, 1091]
[11, 17, 53, 83]
[2, 3, 7, 1399]
822648 822647 822646 822645
[2, 3, 151, 227]
[7, 17, 31, 223]
[2, 11, 61, 613]
[3, 5, 101, 181]
824943 824942 824941 824940
[3, 7, 163, 241]
[2, 17, 19, 1277]
[13, 23, 31, 89]
[2, 3, 5, 4583]
826848 826847 826846 826845
[2, 3, 11, 29]
[7, 41, 43, 67]
[2, 17, 83, 293]
[3, 5, 199, 277]
829127 829126 829125 829124
[13, 23, 47, 59]
[2, 31, 43, 311]
[3, 5, 11, 67]
[2, 17, 89, 137]
831195 831194 831193 831192
[3, 5, 47, 131]
[2, 7, 13, 4567]
[11, 19, 41, 97]
[2, 3, 59, 587]
834615 834614 834613 834612
[3, 5, 17, 1091]
[2, 11, 59, 643]
[13, 19, 31, 109]
[2, 3, 157, 443]
837447 837446 837445 837444
[3, 13, 109, 197]
[2, 47, 59, 151]
[5, 7, 71, 337]
[2, 3, 19, 3673]
837683 837682 837681 837680
[7, 11, 23, 43]
[2, 31, 59, 229]
[3, 13, 47, 457]
[2, 5, 37, 283]
845406 845405 845404 845403
[2, 3, 67, 701]
[5, 11, 19, 809]
[2, 7, 109, 277]
[3, 13, 53, 409]
845768 845767 845766 845765
[2, 7, 11, 1373]
[13, 17, 43, 89]
[2, 3, 19, 2473]
[5, 47, 59, 61]
847485 847484 847483 847482
[3, 5, 37, 509]
[2, 11, 17, 103]
[7, 13, 67, 139]
[2, 3, 137, 1031]











[3, 19, 41, 43]
[2, 5, 13, 773]
[317]
100596 100595 100594 100593
[2, 3, 83, 101]
[5, 11, 31, 59]
[2, 13, 53, 73]
[3, 11177]
^CTraceback (most recent call last):
  File "problem47.py", line 38, in <module>
    next=len(find_prime_factor(j))
  File "problem47.py", line 28, in find_prime_factor
    if (a%prime_factor[i])==0:
KeyboardInterrupt
tthtlchome:/home/tthtlc/hairy-bear>vi problem47.py 
tthtlchome:/home/tthtlc/hairy-bear>python problem47.py 
^CTraceback (most recent call last):
  File "problem47.py", line 38, in <module>
    next=len(find_prime_factor(j))
  File "problem47.py", line 28, in find_prime_factor
    if (a%prime_factor[i])==0:
KeyboardInterrupt
tthtlchome:/home/tthtlc/hairy-bear>vi problem47.py 
tthtlchome:/home/tthtlc/hairy-bear>python problem47.py 
Traceback (most recent call last):
  File "problem47.py", line 36, in <module>
    prime_factor=generate_prime(max_number)
  File "problem47.py", line 16, in generate_prime
    array=erasthotene_cross(array, max_nos)
  File "problem47.py", line 7, in erasthotene_cross
    array = [0 for x in range(n)]
MemoryError
tthtlchome:/home/tthtlc/hairy-bear>vi problem47.py 
tthtlchome:/home/tthtlc/hairy-bear>python problem47.py 


1001148 1001147 1001146 1001145
[2, 3, 19, 4391]
[7, 17, 47, 179]
[2, 37, 83, 163]
[3, 5, 31, 2153]
1001430 1001429 1001428 1001427
[2, 3, 5, 3709]
[11, 13, 47, 149]
[2, 29, 89, 97]
[3, 7, 43, 1109]
1002366 1002365 1002364 1002363
[2, 3, 233, 239]
[5, 7, 13, 2203]
[2, 11, 19, 109]
[3, 23, 73, 199]
1003563 1003562 1003561 1003560
[3, 11, 31, 109]
[2, 7, 97, 739]
[13, 17, 19, 239]
[2, 3, 5, 8363]
1004367 1004366 1004365 1004364
[3, 7, 13, 283]
[2, 11, 71, 643]
[5, 37, 61, 89]
[2, 3, 23, 1213]
1009206 1009205 1009204 1009203
[2, 3, 11, 1699]
[5, 17, 31, 383]
[2, 7, 19, 271]
[3, 13, 113, 229]

1032396 1032395 1032394 1032393
[2, 3, 227, 379]
[5, 7, 13, 2269]
[2, 11, 167, 281]
[3, 17, 31, 653]
1032936 1032935 1032934 1032933
[2, 3, 193, 223]
[5, 19, 83, 131]
[2, 7, 89, 829]
[3, 11, 113, 277]
1035828 1035827 1035826 1035825
[2, 3, 23, 139]
[13, 17, 43, 109]
[2, 11, 197, 239]
[3, 5, 7, 1973]
1042107 1042106 1042105 1042104
[3, 11, 23, 1373]
[2, 13, 149, 269]
[5, 37, 43, 131]
[2, 3, 7, 6203]
1045422 1045421 1045420 1045419
[2, 3, 7, 8297]
[13, 29, 47, 59]
[2, 5, 167, 313]
[3, 23, 109, 139]
1046256 1046255 1046254 1046253
[2, 3, 71, 307]
[5, 7, 167, 179]
[2, 11, 19, 2503]
[3, 13, 139, 193]
1046607 1046606 1046605 1046604
[3, 41, 67, 127]
[2, 11, 113, 421]
[5, 7, 17, 1759]
[2, 3, 13, 6709]
1048917 1048916 1048915 1048914
[3, 17, 131, 157]
[2, 11, 31, 769]
[5, 7, 23, 1303]
[2, 3, 19, 3067]
1053846 1053845 1053844 1053843
[2, 3, 127, 461]
[5, 13, 31, 523]
[2, 11, 43, 557]
[3, 7, 67, 107]
1057695 1057694 1057693 1057692
[3, 5, 107, 659]
[2, 11, 131, 367]
[7, 13, 59, 197]
[2, 3, 19, 4639]
1061286 1061285 1061284 1061283
[2, 3, 79, 2239]
[5, 31, 41, 167]
[2, 7, 29, 1307]
[3, 19, 43, 433]
1065936 1065935 1065934 1065933
[2, 3, 53, 419]
[5, 13, 23, 31]
[2, 17, 107, 293]
[3, 11, 37, 97]
1069523 1069522 1069521 1069520
[7, 13, 23, 73]
[2, 37, 97, 149]
[3, 17, 67, 313]
[2, 5, 29, 461]
1069608 1069607 1069606 1069605
[2, 3, 41, 1087]
[7, 11, 29, 479]
[2, 17, 163, 193]
[3, 5, 19, 139]
1074186 1074185 1074184 1074183
[2, 3, 83, 719]
[5, 7, 47, 653]
[2, 19, 37, 191]
[3, 11, 43, 757]
1088661 1088660 1088659 1088658
[3, 7, 47, 1103]
[2, 5, 29, 1877]
[11, 13, 23, 331]
[2, 3, 31, 1951]
1090316 1090315 1090314 1090313
[2, 37, 53, 139]
[5, 19, 23, 499]
[2, 3, 61, 331]
[7, 29, 41, 131]
1090806 1090805 1090804 1090803
[2, 3, 29, 6269]
[5, 17, 41, 313]
[2, 11, 13, 1907]
[3, 7, 127, 409]
1093185 1093184 1093183 1093182
[3, 5, 17, 1429]
[2, 19, 29, 31]
[7, 13, 41, 293]
[2, 3, 167, 1091]
1093535 1093534 1093533 1093532
[5, 23, 37, 257]
[2, 13, 137, 307]
[3, 7, 43, 173]
[2, 11, 29, 857]
1096433 1096432 1096431 1096430
[13, 19, 23, 193]
[2, 17, 29, 139]
[3, 7, 109, 479]
[2, 5, 83, 1321]
1097448 1097447 1097446 1097445
[2, 3, 11, 4157]
[13, 29, 41, 71]
[2, 7, 43, 1823]
[3, 5, 23, 3181]
1098672 1098671 1098670 1098669
[2, 3, 47, 487]
[7, 31, 61, 83]
[2, 5, 181, 607]
[3, 11, 13, 197]
1099527 1099526 1099525 1099524
[3, 11, 13, 233]
[2, 17, 73, 443]
[5, 7, 61, 103]
[2, 3, 59, 1553]
1104456 1104455 1104454 1104453
[2, 3, 17, 2707]
[5, 11, 43, 467]
[2, 13, 107, 397]
[3, 7, 47, 373]
1104468 1104467 1104466 1104465
[2, 3, 31, 2969]
[7, 13, 53, 229]
[2, 11, 61, 823]
[3, 5, 29, 2539]
1105156 1105155 1105154 1105153
[2, 13, 53, 401]
[3, 5, 41, 599]
[2, 19, 127, 229]
[7, 17, 37, 251]
1106855 1106854 1106853 1106852
[5, 31, 37, 193]
[2, 7, 173, 457]
[3, 11, 17, 1973]
[2, 23, 53, 227]
1107382 1107381 1107380 1107379
[2, 31, 53, 337]
[3, 11, 23, 1459]
[2, 5, 17, 3257]
[7, 13, 43, 283]
1108758 1108757 1108756 1108755
[2, 3, 7, 26399]
[13, 17, 29, 173]
[2, 11, 113, 223]
[3, 5, 43, 191]



